time="2020-05-04T10:44:52-04:00" level=debug msg="OpenShift Installer 4.4.3"
time="2020-05-04T10:44:52-04:00" level=debug msg="Built from commit 78b817ceb7657f81176bbe182cc6efc73004c841"
time="2020-05-04T10:44:52-04:00" level=debug msg="Fetching Kubeconfig Admin Client..."
time="2020-05-04T10:44:52-04:00" level=debug msg="Loading Kubeconfig Admin Client..."
time="2020-05-04T10:44:52-04:00" level=debug msg="  Loading Certificate (admin-kubeconfig-client)..."
time="2020-05-04T10:44:52-04:00" level=debug msg="    Loading Certificate (admin-kubeconfig-signer)..."
time="2020-05-04T10:44:52-04:00" level=debug msg="  Loading Certificate (kube-apiserver-complete-server-ca-bundle)..."
time="2020-05-04T10:44:52-04:00" level=debug msg="    Loading Certificate (kube-apiserver-localhost-ca-bundle)..."
time="2020-05-04T10:44:52-04:00" level=debug msg="      Loading Certificate (kube-apiserver-localhost-signer)..."
time="2020-05-04T10:44:52-04:00" level=debug msg="    Loading Certificate (kube-apiserver-service-network-ca-bundle)..."
time="2020-05-04T10:44:52-04:00" level=debug msg="      Loading Certificate (kube-apiserver-service-network-signer)..."
time="2020-05-04T10:44:52-04:00" level=debug msg="    Loading Certificate (kube-apiserver-lb-ca-bundle)..."
time="2020-05-04T10:44:52-04:00" level=debug msg="      Loading Certificate (kube-apiserver-lb-signer)..."
time="2020-05-04T10:44:52-04:00" level=debug msg="  Loading Install Config..."
time="2020-05-04T10:44:52-04:00" level=debug msg="    Loading SSH Key..."
time="2020-05-04T10:44:52-04:00" level=debug msg="    Loading Base Domain..."
time="2020-05-04T10:44:52-04:00" level=debug msg="      Loading Platform..."
time="2020-05-04T10:44:52-04:00" level=debug msg="    Loading Cluster Name..."
time="2020-05-04T10:44:52-04:00" level=debug msg="      Loading Base Domain..."
time="2020-05-04T10:44:52-04:00" level=debug msg="      Loading Platform..."
time="2020-05-04T10:44:52-04:00" level=debug msg="    Loading Pull Secret..."
time="2020-05-04T10:44:52-04:00" level=debug msg="    Loading Platform..."
time="2020-05-04T10:44:52-04:00" level=debug msg="  Fetching Certificate (admin-kubeconfig-client)..."
time="2020-05-04T10:44:52-04:00" level=debug msg="    Fetching Certificate (admin-kubeconfig-signer)..."
time="2020-05-04T10:44:52-04:00" level=debug msg="    Generating Certificate (admin-kubeconfig-signer)..."
time="2020-05-04T10:44:52-04:00" level=debug msg="  Generating Certificate (admin-kubeconfig-client)..."
time="2020-05-04T10:44:52-04:00" level=debug msg="  Fetching Certificate (kube-apiserver-complete-server-ca-bundle)..."
time="2020-05-04T10:44:52-04:00" level=debug msg="    Fetching Certificate (kube-apiserver-localhost-ca-bundle)..."
time="2020-05-04T10:44:52-04:00" level=debug msg="      Fetching Certificate (kube-apiserver-localhost-signer)..."
time="2020-05-04T10:44:52-04:00" level=debug msg="      Generating Certificate (kube-apiserver-localhost-signer)..."
time="2020-05-04T10:44:53-04:00" level=debug msg="    Generating Certificate (kube-apiserver-localhost-ca-bundle)..."
time="2020-05-04T10:44:53-04:00" level=debug msg="    Fetching Certificate (kube-apiserver-service-network-ca-bundle)..."
time="2020-05-04T10:44:53-04:00" level=debug msg="      Fetching Certificate (kube-apiserver-service-network-signer)..."
time="2020-05-04T10:44:53-04:00" level=debug msg="      Generating Certificate (kube-apiserver-service-network-signer)..."
time="2020-05-04T10:44:53-04:00" level=debug msg="    Generating Certificate (kube-apiserver-service-network-ca-bundle)..."
time="2020-05-04T10:44:53-04:00" level=debug msg="    Fetching Certificate (kube-apiserver-lb-ca-bundle)..."
time="2020-05-04T10:44:53-04:00" level=debug msg="      Fetching Certificate (kube-apiserver-lb-signer)..."
time="2020-05-04T10:44:53-04:00" level=debug msg="      Generating Certificate (kube-apiserver-lb-signer)..."
time="2020-05-04T10:44:53-04:00" level=debug msg="    Generating Certificate (kube-apiserver-lb-ca-bundle)..."
time="2020-05-04T10:44:53-04:00" level=debug msg="  Generating Certificate (kube-apiserver-complete-server-ca-bundle)..."
time="2020-05-04T10:44:53-04:00" level=debug msg="  Fetching Install Config..."
time="2020-05-04T10:44:53-04:00" level=debug msg="    Fetching SSH Key..."
time="2020-05-04T10:44:53-04:00" level=debug msg="    Generating SSH Key..."
time="2020-05-04T10:45:02-04:00" level=debug msg="    Fetching Base Domain..."
time="2020-05-04T10:45:02-04:00" level=debug msg="      Fetching Platform..."
time="2020-05-04T10:45:02-04:00" level=debug msg="      Generating Platform..."
time="2020-05-04T10:45:09-04:00" level=fatal msg="failed to fetch Kubeconfig Admin Client: failed to fetch dependency of \"Kubeconfig Admin Client\": failed to fetch dependency of \"Install Config\": failed to fetch dependency of \"Base Domain\": failed to generate asset \"Platform\": interrupt"
